TN:
SF:/Users/KarlCharles/Documents/sites/Clients/Timeout/social-events/src/App.vue
FN:42,data
FN:53,attendingMembers
FN:57,(anonymous_3)
FN:75,getUsers
FN:76,(anonymous_5)
FN:85,(anonymous_6)
FN:90,getVenues
FN:91,(anonymous_8)
FN:100,(anonymous_9)
FN:105,addMember
FN:109,removeMember
FN:113,resetValues
FN:118,suggestVenues
FN:122,(anonymous_14)
FN:123,(anonymous_15)
FN:129,(anonymous_16)
FN:140,created
FNF:17
FNH:4
FNDA:3,data
FNDA:0,attendingMembers
FNDA:0,(anonymous_3)
FNDA:3,getUsers
FNDA:0,(anonymous_5)
FNDA:0,(anonymous_6)
FNDA:3,getVenues
FNDA:0,(anonymous_8)
FNDA:0,(anonymous_9)
FNDA:0,addMember
FNDA:0,removeMember
FNDA:0,resetValues
FNDA:0,suggestVenues
FNDA:0,(anonymous_14)
FNDA:0,(anonymous_15)
FNDA:0,(anonymous_16)
FNDA:3,created
DA:38,1
DA:43,3
DA:53,0
DA:54,0
DA:57,0
DA:58,0
DA:59,0
DA:61,0
DA:64,0
DA:65,0
DA:67,0
DA:71,0
DA:75,3
DA:76,3
DA:83,0
DA:84,0
DA:87,0
DA:90,3
DA:91,3
DA:98,0
DA:99,0
DA:102,0
DA:106,0
DA:107,0
DA:110,0
DA:111,0
DA:114,0
DA:115,0
DA:116,0
DA:118,0
DA:119,0
DA:122,0
DA:123,0
DA:124,0
DA:129,0
DA:130,0
DA:132,0
DA:133,0
DA:136,0
DA:141,3
DA:142,3
LF:41
LH:8
BRDA:59,0,0,0
BRDA:59,0,1,0
BRDA:65,1,0,0
BRDA:65,1,1,0
BRDA:123,2,0,0
BRDA:123,2,1,0
BRDA:133,3,0,0
BRDA:133,3,1,0
BRDA:136,4,0,0
BRDA:136,4,1,0
BRF:10
BRH:0
end_of_record
TN:
SF:/Users/KarlCharles/Documents/sites/Clients/Timeout/social-events/src/components/Team.vue
FN:33,data
FN:43,attendingMembers
FN:47,(anonymous_3)
FN:65,addMember
FN:69,removeMember
FN:73,resetValues
FN:78,getVenues
FN:82,(anonymous_8)
FN:83,(anonymous_9)
FN:89,(anonymous_10)
FNF:10
FNH:0
FNDA:0,data
FNDA:0,attendingMembers
FNDA:0,(anonymous_3)
FNDA:0,addMember
FNDA:0,removeMember
FNDA:0,resetValues
FNDA:0,getVenues
FNDA:0,(anonymous_8)
FNDA:0,(anonymous_9)
FNDA:0,(anonymous_10)
DA:34,0
DA:43,0
DA:44,0
DA:47,0
DA:48,0
DA:49,0
DA:51,0
DA:54,0
DA:55,0
DA:57,0
DA:61,0
DA:66,0
DA:67,0
DA:70,0
DA:71,0
DA:74,0
DA:75,0
DA:76,0
DA:78,0
DA:79,0
DA:82,0
DA:83,0
DA:84,0
DA:89,0
DA:90,0
DA:92,0
DA:93,0
DA:96,0
LF:28
LH:0
BRDA:49,0,0,0
BRDA:49,0,1,0
BRDA:55,1,0,0
BRDA:55,1,1,0
BRDA:83,2,0,0
BRDA:83,2,1,0
BRDA:93,3,0,0
BRDA:93,3,1,0
BRDA:96,4,0,0
BRDA:96,4,1,0
BRF:10
BRH:0
end_of_record
